Nov 27, 2019 5:10:19 PM main.Startup main
INFO: Logging initiated successfully
Nov 27, 2019 5:10:19 PM data.Data checkVersion
INFO: Latest Release: beta Revision: 1.2
Nov 27, 2019 5:10:22 PM gui.AutoCyanForm authenticateButtonActionPerformed
INFO: Licence key (u3X9iDadU7HCU52) accepted - Authenticated!
Nov 27, 2019 5:10:23 PM main.Startup main
INFO: Starting AutoCyan - Version: beta_1.2
Nov 27, 2019 5:10:23 PM main.Startup main
INFO: Getting OSRS instance...
Nov 27, 2019 5:10:25 PM main.Startup getOSRSWindow
INFO: The corner locations for the window NoxPlayer1 are [2064, 216, 3028, 790]
Nov 27, 2019 5:10:25 PM main.Startup grabClient
INFO: Latching onto instance...
Nov 27, 2019 5:10:27 PM main.Startup login
INFO: Attempting to login...
Nov 27, 2019 5:10:27 PM main.Startup login
WARNING: Mobile client - Please run script when already logged in!
Nov 27, 2019 5:10:29 PM main.Startup$1 run
INFO: Table update thread running.
Nov 27, 2019 5:10:32 PM gui.AutoCyanForm$10 run
INFO: Thread Running
Nov 27, 2019 5:10:32 PM main.Startup loadScript
INFO: Loaded script: ACFletching
Nov 27, 2019 5:10:32 PM character.Inventory generateInventSlots
INFO: Inventory positions generated: 28
Nov 27, 2019 5:10:32 PM character.Character <init>
INFO: Character initiated successfully
Nov 27, 2019 5:11:35 PM scripts.ACFletching printAmountMade
INFO: Time elapsed: 0:1:2 Longbows Fletched: 27
Nov 27, 2019 5:12:36 PM scripts.ACFletching printAmountMade
INFO: Time elapsed: 0:2:4 Longbows Fletched: 54
Nov 27, 2019 5:13:38 PM scripts.ACFletching printAmountMade
INFO: Time elapsed: 0:3:6 Longbows Fletched: 81
Nov 27, 2019 5:14:41 PM scripts.ACFletching printAmountMade
INFO: Time elapsed: 0:4:8 Longbows Fletched: 108
Nov 27, 2019 5:15:43 PM scripts.ACFletching printAmountMade
INFO: Time elapsed: 0:5:11 Longbows Fletched: 135
Nov 27, 2019 5:16:46 PM scripts.ACFletching printAmountMade
INFO: Time elapsed: 0:6:14 Longbows Fletched: 162
Nov 27, 2019 5:17:49 PM scripts.ACFletching printAmountMade
INFO: Time elapsed: 0:7:17 Longbows Fletched: 189
Nov 27, 2019 5:18:54 PM scripts.ACFletching printAmountMade
INFO: Time elapsed: 0:8:21 Longbows Fletched: 216
Nov 27, 2019 5:19:57 PM scripts.ACFletching printAmountMade
INFO: Time elapsed: 0:9:25 Longbows Fletched: 243
Nov 27, 2019 5:20:58 PM scripts.ACFletching printAmountMade
INFO: Time elapsed: 0:10:26 Longbows Fletched: 270
Nov 27, 2019 5:22:02 PM scripts.ACFletching printAmountMade
INFO: Time elapsed: 0:11:29 Longbows Fletched: 297
Nov 27, 2019 5:23:06 PM scripts.ACFletching printAmountMade
INFO: Time elapsed: 0:12:33 Longbows Fletched: 324
Nov 27, 2019 5:24:11 PM scripts.ACFletching printAmountMade
INFO: Time elapsed: 0:13:39 Longbows Fletched: 351
Nov 27, 2019 5:25:13 PM scripts.ACFletching printAmountMade
INFO: Time elapsed: 0:14:41 Longbows Fletched: 378
Nov 27, 2019 5:26:17 PM scripts.ACFletching printAmountMade
INFO: Time elapsed: 0:15:44 Longbows Fletched: 405
Nov 27, 2019 5:27:19 PM scripts.ACFletching printAmountMade
INFO: Time elapsed: 0:16:46 Longbows Fletched: 432
Nov 27, 2019 5:28:21 PM scripts.ACFletching printAmountMade
INFO: Time elapsed: 0:17:48 Longbows Fletched: 459
Nov 27, 2019 5:29:24 PM scripts.ACFletching printAmountMade
INFO: Time elapsed: 0:18:51 Longbows Fletched: 486
Nov 27, 2019 5:30:27 PM scripts.ACFletching printAmountMade
INFO: Time elapsed: 0:19:54 Longbows Fletched: 513
Nov 27, 2019 5:31:30 PM scripts.ACFletching printAmountMade
INFO: Time elapsed: 0:20:57 Longbows Fletched: 540
Nov 27, 2019 5:32:32 PM scripts.ACFletching printAmountMade
INFO: Time elapsed: 0:21:59 Longbows Fletched: 567
Nov 27, 2019 5:33:34 PM scripts.ACFletching printAmountMade
INFO: Time elapsed: 0:23:2 Longbows Fletched: 594
Nov 27, 2019 5:34:37 PM scripts.ACFletching printAmountMade
INFO: Time elapsed: 0:24:5 Longbows Fletched: 621
Nov 27, 2019 5:35:40 PM scripts.ACFletching printAmountMade
INFO: Time elapsed: 0:25:8 Longbows Fletched: 648
Nov 27, 2019 5:36:44 PM scripts.ACFletching printAmountMade
INFO: Time elapsed: 0:26:11 Longbows Fletched: 675
Nov 27, 2019 5:37:46 PM scripts.ACFletching printAmountMade
INFO: Time elapsed: 0:27:14 Longbows Fletched: 702
Nov 27, 2019 5:38:48 PM scripts.ACFletching printAmountMade
INFO: Time elapsed: 0:28:16 Longbows Fletched: 729
Nov 27, 2019 5:39:52 PM scripts.ACFletching printAmountMade
INFO: Time elapsed: 0:29:19 Longbows Fletched: 756
Nov 27, 2019 5:40:53 PM scripts.ACFletching printAmountMade
INFO: Time elapsed: 0:30:21 Longbows Fletched: 783
Nov 27, 2019 5:41:57 PM scripts.ACFletching printAmountMade
INFO: Time elapsed: 0:31:25 Longbows Fletched: 810
Nov 27, 2019 5:43:00 PM scripts.ACFletching printAmountMade
INFO: Time elapsed: 0:32:27 Longbows Fletched: 837
Nov 27, 2019 5:44:02 PM scripts.ACFletching printAmountMade
INFO: Time elapsed: 0:33:29 Longbows Fletched: 864
Nov 27, 2019 5:45:04 PM scripts.ACFletching printAmountMade
INFO: Time elapsed: 0:34:32 Longbows Fletched: 891
Nov 27, 2019 5:46:07 PM scripts.ACFletching printAmountMade
INFO: Time elapsed: 0:35:34 Longbows Fletched: 918
Nov 27, 2019 5:47:10 PM scripts.ACFletching printAmountMade
INFO: Time elapsed: 0:36:38 Longbows Fletched: 945
Nov 27, 2019 5:48:13 PM scripts.ACFletching printAmountMade
INFO: Time elapsed: 0:37:41 Longbows Fletched: 972
Nov 27, 2019 5:49:17 PM scripts.ACFletching printAmountMade
INFO: Time elapsed: 0:38:45 Longbows Fletched: 999
Nov 27, 2019 5:50:21 PM scripts.ACFletching printAmountMade
INFO: Time elapsed: 0:39:49 Longbows Fletched: 1026
Nov 27, 2019 5:51:25 PM scripts.ACFletching printAmountMade
INFO: Time elapsed: 0:40:53 Longbows Fletched: 1053
Nov 27, 2019 5:52:28 PM scripts.ACFletching printAmountMade
INFO: Time elapsed: 0:41:55 Longbows Fletched: 1080
Nov 27, 2019 5:53:30 PM scripts.ACFletching printAmountMade
INFO: Time elapsed: 0:42:58 Longbows Fletched: 1107
Nov 27, 2019 5:54:35 PM scripts.ACFletching printAmountMade
INFO: Time elapsed: 0:44:2 Longbows Fletched: 1134
Nov 27, 2019 5:55:37 PM scripts.ACFletching printAmountMade
INFO: Time elapsed: 0:45:4 Longbows Fletched: 1161
Nov 27, 2019 5:56:41 PM scripts.ACFletching printAmountMade
INFO: Time elapsed: 0:46:8 Longbows Fletched: 1188
Nov 27, 2019 5:57:42 PM scripts.ACFletching printAmountMade
INFO: Time elapsed: 0:47:10 Longbows Fletched: 1215
Nov 27, 2019 5:58:45 PM scripts.ACFletching printAmountMade
INFO: Time elapsed: 0:48:13 Longbows Fletched: 1242
Nov 27, 2019 5:59:49 PM scripts.ACFletching printAmountMade
INFO: Time elapsed: 0:49:16 Longbows Fletched: 1269
Nov 27, 2019 6:00:52 PM scripts.ACFletching printAmountMade
INFO: Time elapsed: 0:50:20 Longbows Fletched: 1296
Nov 27, 2019 6:01:55 PM scripts.ACFletching printAmountMade
INFO: Time elapsed: 0:51:23 Longbows Fletched: 1323
Nov 27, 2019 6:02:56 PM scripts.ACFletching printAmountMade
INFO: Time elapsed: 0:52:24 Longbows Fletched: 1350
Nov 27, 2019 6:03:58 PM scripts.ACFletching printAmountMade
INFO: Time elapsed: 0:53:26 Longbows Fletched: 1377
Nov 27, 2019 6:05:00 PM scripts.ACFletching printAmountMade
INFO: Time elapsed: 0:54:27 Longbows Fletched: 1404
Nov 27, 2019 6:06:01 PM scripts.ACFletching printAmountMade
INFO: Time elapsed: 0:55:29 Longbows Fletched: 1431
Nov 27, 2019 6:07:03 PM scripts.ACFletching printAmountMade
INFO: Time elapsed: 0:56:30 Longbows Fletched: 1458
Nov 27, 2019 6:08:04 PM scripts.ACFletching printAmountMade
INFO: Time elapsed: 0:57:32 Longbows Fletched: 1485
Nov 27, 2019 6:09:06 PM scripts.ACFletching printAmountMade
INFO: Time elapsed: 0:58:33 Longbows Fletched: 1512
Nov 27, 2019 6:10:07 PM scripts.ACFletching printAmountMade
INFO: Time elapsed: 0:59:35 Longbows Fletched: 1539
Nov 27, 2019 6:11:09 PM scripts.ACFletching printAmountMade
INFO: Time elapsed: 1:0:37 Longbows Fletched: 1566
Nov 27, 2019 6:12:12 PM scripts.ACFletching printAmountMade
INFO: Time elapsed: 1:1:39 Longbows Fletched: 1593
Nov 27, 2019 6:13:16 PM scripts.ACFletching printAmountMade
INFO: Time elapsed: 1:2:44 Longbows Fletched: 1620
Nov 27, 2019 6:14:18 PM scripts.ACFletching printAmountMade
INFO: Time elapsed: 1:3:45 Longbows Fletched: 1647
Nov 27, 2019 6:15:21 PM scripts.ACFletching printAmountMade
INFO: Time elapsed: 1:4:48 Longbows Fletched: 1674
Nov 27, 2019 6:16:24 PM scripts.ACFletching printAmountMade
INFO: Time elapsed: 1:5:52 Longbows Fletched: 1701
Nov 27, 2019 6:17:27 PM scripts.ACFletching printAmountMade
INFO: Time elapsed: 1:6:54 Longbows Fletched: 1728
Nov 27, 2019 6:18:30 PM scripts.ACFletching printAmountMade
INFO: Time elapsed: 1:7:58 Longbows Fletched: 1755
Nov 27, 2019 6:19:33 PM scripts.ACFletching printAmountMade
INFO: Time elapsed: 1:9:0 Longbows Fletched: 1782
Nov 27, 2019 6:20:34 PM scripts.ACFletching printAmountMade
INFO: Time elapsed: 1:10:2 Longbows Fletched: 1809
Nov 27, 2019 6:21:39 PM scripts.ACFletching printAmountMade
INFO: Time elapsed: 1:11:7 Longbows Fletched: 1836
Nov 27, 2019 6:22:43 PM scripts.ACFletching printAmountMade
INFO: Time elapsed: 1:12:10 Longbows Fletched: 1863
Nov 27, 2019 6:23:46 PM scripts.ACFletching printAmountMade
INFO: Time elapsed: 1:13:14 Longbows Fletched: 1890
Nov 27, 2019 6:24:48 PM scripts.ACFletching printAmountMade
INFO: Time elapsed: 1:14:16 Longbows Fletched: 1917
Nov 27, 2019 6:25:53 PM scripts.ACFletching printAmountMade
INFO: Time elapsed: 1:15:20 Longbows Fletched: 1944
Nov 27, 2019 6:26:57 PM scripts.ACFletching printAmountMade
INFO: Time elapsed: 1:16:25 Longbows Fletched: 1971
Nov 27, 2019 6:28:02 PM scripts.ACFletching printAmountMade
INFO: Time elapsed: 1:17:30 Longbows Fletched: 1998
Nov 27, 2019 6:29:04 PM scripts.ACFletching printAmountMade
INFO: Time elapsed: 1:18:32 Longbows Fletched: 2025
Nov 27, 2019 6:30:06 PM scripts.ACFletching printAmountMade
INFO: Time elapsed: 1:19:34 Longbows Fletched: 2052
Nov 27, 2019 6:31:09 PM scripts.ACFletching printAmountMade
INFO: Time elapsed: 1:20:37 Longbows Fletched: 2079
Nov 27, 2019 6:32:13 PM scripts.ACFletching printAmountMade
INFO: Time elapsed: 1:21:40 Longbows Fletched: 2106
Nov 27, 2019 6:33:17 PM scripts.ACFletching printAmountMade
INFO: Time elapsed: 1:22:45 Longbows Fletched: 2133
Nov 27, 2019 6:34:20 PM scripts.ACFletching printAmountMade
INFO: Time elapsed: 1:23:48 Longbows Fletched: 2160
Nov 27, 2019 6:35:23 PM scripts.ACFletching printAmountMade
INFO: Time elapsed: 1:24:50 Longbows Fletched: 2187
Nov 27, 2019 6:36:26 PM scripts.ACFletching printAmountMade
INFO: Time elapsed: 1:25:54 Longbows Fletched: 2214
Nov 27, 2019 6:37:29 PM scripts.ACFletching printAmountMade
INFO: Time elapsed: 1:26:57 Longbows Fletched: 2241
Nov 27, 2019 6:38:32 PM scripts.ACFletching printAmountMade
INFO: Time elapsed: 1:27:59 Longbows Fletched: 2268
Nov 27, 2019 6:39:37 PM scripts.ACFletching printAmountMade
INFO: Time elapsed: 1:29:5 Longbows Fletched: 2295
Nov 27, 2019 6:40:41 PM scripts.ACFletching printAmountMade
INFO: Time elapsed: 1:30:8 Longbows Fletched: 2322
Nov 27, 2019 6:41:43 PM scripts.ACFletching printAmountMade
INFO: Time elapsed: 1:31:11 Longbows Fletched: 2349
Nov 27, 2019 6:42:46 PM scripts.ACFletching printAmountMade
INFO: Time elapsed: 1:32:13 Longbows Fletched: 2376
Nov 27, 2019 6:43:48 PM scripts.ACFletching printAmountMade
INFO: Time elapsed: 1:33:16 Longbows Fletched: 2403
Nov 27, 2019 6:44:51 PM scripts.ACFletching printAmountMade
INFO: Time elapsed: 1:34:18 Longbows Fletched: 2430
Nov 27, 2019 6:45:53 PM scripts.ACFletching printAmountMade
INFO: Time elapsed: 1:35:20 Longbows Fletched: 2457
Nov 27, 2019 6:46:56 PM scripts.ACFletching printAmountMade
INFO: Time elapsed: 1:36:23 Longbows Fletched: 2484
Nov 27, 2019 6:47:59 PM scripts.ACFletching printAmountMade
INFO: Time elapsed: 1:37:26 Longbows Fletched: 2511
Nov 27, 2019 6:49:00 PM scripts.ACFletching printAmountMade
INFO: Time elapsed: 1:38:28 Longbows Fletched: 2538
Nov 27, 2019 6:50:02 PM scripts.ACFletching printAmountMade
INFO: Time elapsed: 1:39:30 Longbows Fletched: 2565
Nov 27, 2019 6:51:05 PM scripts.ACFletching printAmountMade
INFO: Time elapsed: 1:40:33 Longbows Fletched: 2592
Nov 27, 2019 6:52:10 PM scripts.ACFletching printAmountMade
INFO: Time elapsed: 1:41:37 Longbows Fletched: 2619
Nov 27, 2019 6:53:14 PM scripts.ACFletching printAmountMade
INFO: Time elapsed: 1:42:42 Longbows Fletched: 2646
Nov 27, 2019 6:54:18 PM scripts.ACFletching printAmountMade
INFO: Time elapsed: 1:43:46 Longbows Fletched: 2673
Nov 27, 2019 6:55:20 PM scripts.ACFletching printAmountMade
INFO: Time elapsed: 1:44:47 Longbows Fletched: 2700
Nov 27, 2019 6:56:24 PM scripts.ACFletching printAmountMade
INFO: Time elapsed: 1:45:51 Longbows Fletched: 2727
Nov 27, 2019 6:57:25 PM scripts.ACFletching printAmountMade
INFO: Time elapsed: 1:46:53 Longbows Fletched: 2754
Nov 27, 2019 6:58:27 PM scripts.ACFletching printAmountMade
INFO: Time elapsed: 1:47:55 Longbows Fletched: 2781
Nov 27, 2019 6:59:30 PM scripts.ACFletching printAmountMade
INFO: Time elapsed: 1:48:58 Longbows Fletched: 2808
Nov 27, 2019 7:00:34 PM scripts.ACFletching printAmountMade
INFO: Time elapsed: 1:50:1 Longbows Fletched: 2835
Nov 27, 2019 7:01:38 PM scripts.ACFletching printAmountMade
INFO: Time elapsed: 1:51:5 Longbows Fletched: 2862
Nov 27, 2019 7:02:39 PM scripts.ACFletching printAmountMade
INFO: Time elapsed: 1:52:6 Longbows Fletched: 2889
Nov 27, 2019 7:03:42 PM scripts.ACFletching printAmountMade
INFO: Time elapsed: 1:53:9 Longbows Fletched: 2916
Nov 27, 2019 7:04:45 PM scripts.ACFletching printAmountMade
INFO: Time elapsed: 1:54:13 Longbows Fletched: 2943
Nov 27, 2019 7:05:48 PM scripts.ACFletching printAmountMade
INFO: Time elapsed: 1:55:16 Longbows Fletched: 2970
Nov 27, 2019 7:06:50 PM scripts.ACFletching printAmountMade
INFO: Time elapsed: 1:56:18 Longbows Fletched: 2997
Nov 27, 2019 7:07:55 PM scripts.ACFletching printAmountMade
INFO: Time elapsed: 1:57:23 Longbows Fletched: 3024
Nov 27, 2019 7:08:58 PM scripts.ACFletching printAmountMade
INFO: Time elapsed: 1:58:26 Longbows Fletched: 3051
Nov 27, 2019 7:10:02 PM scripts.ACFletching printAmountMade
INFO: Time elapsed: 1:59:29 Longbows Fletched: 3078
Nov 27, 2019 7:11:05 PM scripts.ACFletching printAmountMade
INFO: Time elapsed: 2:0:33 Longbows Fletched: 3105
Nov 27, 2019 7:12:07 PM scripts.ACFletching printAmountMade
INFO: Time elapsed: 2:1:35 Longbows Fletched: 3132
Nov 27, 2019 7:13:11 PM scripts.ACFletching printAmountMade
INFO: Time elapsed: 2:2:39 Longbows Fletched: 3159
Nov 27, 2019 7:14:15 PM scripts.ACFletching printAmountMade
INFO: Time elapsed: 2:3:43 Longbows Fletched: 3186
Nov 27, 2019 7:15:19 PM scripts.ACFletching printAmountMade
INFO: Time elapsed: 2:4:46 Longbows Fletched: 3213
Nov 27, 2019 7:16:22 PM scripts.ACFletching printAmountMade
INFO: Time elapsed: 2:5:49 Longbows Fletched: 3240
Nov 27, 2019 7:17:23 PM scripts.ACFletching printAmountMade
INFO: Time elapsed: 2:6:50 Longbows Fletched: 3267
Nov 27, 2019 7:18:25 PM scripts.ACFletching printAmountMade
INFO: Time elapsed: 2:7:53 Longbows Fletched: 3294
Nov 27, 2019 7:19:28 PM scripts.ACFletching printAmountMade
INFO: Time elapsed: 2:8:56 Longbows Fletched: 3321
Nov 27, 2019 7:20:31 PM scripts.ACFletching printAmountMade
INFO: Time elapsed: 2:9:59 Longbows Fletched: 3348
Nov 27, 2019 7:21:33 PM scripts.ACFletching printAmountMade
INFO: Time elapsed: 2:11:1 Longbows Fletched: 3375
Nov 27, 2019 7:22:35 PM scripts.ACFletching printAmountMade
INFO: Time elapsed: 2:12:2 Longbows Fletched: 3402
Nov 27, 2019 7:23:37 PM scripts.ACFletching printAmountMade
INFO: Time elapsed: 2:13:5 Longbows Fletched: 3429
Nov 27, 2019 7:24:39 PM scripts.ACFletching printAmountMade
INFO: Time elapsed: 2:14:7 Longbows Fletched: 3456
Nov 27, 2019 7:25:41 PM scripts.ACFletching printAmountMade
INFO: Time elapsed: 2:15:9 Longbows Fletched: 3483
Nov 27, 2019 7:26:45 PM scripts.ACFletching printAmountMade
INFO: Time elapsed: 2:16:13 Longbows Fletched: 3510
Nov 27, 2019 7:27:48 PM scripts.ACFletching printAmountMade
INFO: Time elapsed: 2:17:15 Longbows Fletched: 3537
Nov 27, 2019 7:28:51 PM scripts.ACFletching printAmountMade
INFO: Time elapsed: 2:18:18 Longbows Fletched: 3564
Nov 27, 2019 7:29:53 PM scripts.ACFletching printAmountMade
INFO: Time elapsed: 2:19:21 Longbows Fletched: 3591
Nov 27, 2019 7:30:56 PM scripts.ACFletching printAmountMade
INFO: Time elapsed: 2:20:24 Longbows Fletched: 3618
Nov 27, 2019 7:31:59 PM scripts.ACFletching printAmountMade
INFO: Time elapsed: 2:21:27 Longbows Fletched: 3645
Nov 27, 2019 7:33:02 PM scripts.ACFletching printAmountMade
INFO: Time elapsed: 2:22:29 Longbows Fletched: 3672
Nov 27, 2019 7:34:04 PM scripts.ACFletching printAmountMade
INFO: Time elapsed: 2:23:32 Longbows Fletched: 3699
Nov 27, 2019 7:35:10 PM scripts.ACFletching printAmountMade
INFO: Time elapsed: 2:24:37 Longbows Fletched: 3726
Nov 27, 2019 7:36:12 PM scripts.ACFletching printAmountMade
INFO: Time elapsed: 2:25:39 Longbows Fletched: 3753
Nov 27, 2019 7:37:16 PM scripts.ACFletching printAmountMade
INFO: Time elapsed: 2:26:43 Longbows Fletched: 3780
Nov 27, 2019 7:38:19 PM scripts.ACFletching printAmountMade
INFO: Time elapsed: 2:27:46 Longbows Fletched: 3807
Nov 27, 2019 7:39:22 PM scripts.ACFletching printAmountMade
INFO: Time elapsed: 2:28:50 Longbows Fletched: 3834
Nov 27, 2019 7:40:24 PM scripts.ACFletching printAmountMade
INFO: Time elapsed: 2:29:52 Longbows Fletched: 3861
Nov 27, 2019 7:41:29 PM scripts.ACFletching printAmountMade
INFO: Time elapsed: 2:30:57 Longbows Fletched: 3888
Nov 27, 2019 7:42:32 PM scripts.ACFletching printAmountMade
INFO: Time elapsed: 2:32:0 Longbows Fletched: 3915
Nov 27, 2019 7:43:36 PM scripts.ACFletching printAmountMade
INFO: Time elapsed: 2:33:4 Longbows Fletched: 3942
Nov 27, 2019 7:44:38 PM scripts.ACFletching printAmountMade
INFO: Time elapsed: 2:34:6 Longbows Fletched: 3969
Nov 27, 2019 7:45:43 PM scripts.ACFletching printAmountMade
INFO: Time elapsed: 2:35:11 Longbows Fletched: 3996
Nov 27, 2019 7:46:45 PM scripts.ACFletching printAmountMade
INFO: Time elapsed: 2:36:13 Longbows Fletched: 4023
Nov 27, 2019 7:47:48 PM scripts.ACFletching printAmountMade
INFO: Time elapsed: 2:37:15 Longbows Fletched: 4050
Nov 27, 2019 7:48:49 PM scripts.ACFletching printAmountMade
INFO: Time elapsed: 2:38:17 Longbows Fletched: 4077
Nov 27, 2019 7:49:53 PM scripts.ACFletching printAmountMade
INFO: Time elapsed: 2:39:21 Longbows Fletched: 4104
Nov 27, 2019 7:50:58 PM scripts.ACFletching printAmountMade
INFO: Time elapsed: 2:40:26 Longbows Fletched: 4131
Nov 27, 2019 7:52:03 PM scripts.ACFletching printAmountMade
INFO: Time elapsed: 2:41:31 Longbows Fletched: 4158
Nov 27, 2019 7:53:07 PM scripts.ACFletching printAmountMade
INFO: Time elapsed: 2:42:35 Longbows Fletched: 4185
Nov 27, 2019 7:54:13 PM scripts.ACFletching printAmountMade
INFO: Time elapsed: 2:43:41 Longbows Fletched: 4212
Nov 27, 2019 7:55:16 PM scripts.ACFletching printAmountMade
INFO: Time elapsed: 2:44:43 Longbows Fletched: 4239
Nov 27, 2019 7:56:19 PM scripts.ACFletching printAmountMade
INFO: Time elapsed: 2:45:47 Longbows Fletched: 4266
Nov 27, 2019 7:57:21 PM scripts.ACFletching printAmountMade
INFO: Time elapsed: 2:46:48 Longbows Fletched: 4293
Nov 27, 2019 7:58:23 PM scripts.ACFletching printAmountMade
INFO: Time elapsed: 2:47:50 Longbows Fletched: 4320
Nov 27, 2019 7:59:25 PM scripts.ACFletching printAmountMade
INFO: Time elapsed: 2:48:53 Longbows Fletched: 4347
Nov 27, 2019 8:00:28 PM scripts.ACFletching printAmountMade
INFO: Time elapsed: 2:49:56 Longbows Fletched: 4374
Nov 27, 2019 8:01:29 PM scripts.ACFletching printAmountMade
INFO: Time elapsed: 2:50:57 Longbows Fletched: 4401
Nov 27, 2019 8:02:34 PM scripts.ACFletching printAmountMade
INFO: Time elapsed: 2:52:2 Longbows Fletched: 4428
Nov 27, 2019 8:03:36 PM scripts.ACFletching printAmountMade
INFO: Time elapsed: 2:53:3 Longbows Fletched: 4455
Nov 27, 2019 8:04:37 PM scripts.ACFletching printAmountMade
INFO: Time elapsed: 2:54:5 Longbows Fletched: 4482
Nov 27, 2019 8:05:41 PM scripts.ACFletching printAmountMade
INFO: Time elapsed: 2:55:8 Longbows Fletched: 4509
Nov 27, 2019 8:06:43 PM scripts.ACFletching printAmountMade
INFO: Time elapsed: 2:56:11 Longbows Fletched: 4536
Nov 27, 2019 8:07:46 PM scripts.ACFletching printAmountMade
INFO: Time elapsed: 2:57:14 Longbows Fletched: 4563
Nov 27, 2019 8:08:50 PM scripts.ACFletching printAmountMade
INFO: Time elapsed: 2:58:18 Longbows Fletched: 4590
Nov 27, 2019 8:09:53 PM scripts.ACFletching printAmountMade
INFO: Time elapsed: 2:59:21 Longbows Fletched: 4617
Nov 27, 2019 8:10:56 PM scripts.ACFletching printAmountMade
INFO: Time elapsed: 3:0:23 Longbows Fletched: 4644
Nov 27, 2019 8:11:58 PM scripts.ACFletching printAmountMade
INFO: Time elapsed: 3:1:26 Longbows Fletched: 4671
Nov 27, 2019 8:13:02 PM scripts.ACFletching printAmountMade
INFO: Time elapsed: 3:2:30 Longbows Fletched: 4698
Nov 27, 2019 8:14:04 PM scripts.ACFletching printAmountMade
INFO: Time elapsed: 3:3:32 Longbows Fletched: 4725
Nov 27, 2019 8:15:06 PM scripts.ACFletching printAmountMade
INFO: Time elapsed: 3:4:34 Longbows Fletched: 4752
Nov 27, 2019 8:16:08 PM scripts.ACFletching printAmountMade
INFO: Time elapsed: 3:5:36 Longbows Fletched: 4779
Nov 27, 2019 8:17:11 PM scripts.ACFletching printAmountMade
INFO: Time elapsed: 3:6:38 Longbows Fletched: 4806
Nov 27, 2019 8:18:12 PM scripts.ACFletching printAmountMade
INFO: Time elapsed: 3:7:40 Longbows Fletched: 4833
Nov 27, 2019 8:19:13 PM scripts.ACFletching printAmountMade
INFO: Time elapsed: 3:8:41 Longbows Fletched: 4860
Nov 27, 2019 8:20:17 PM scripts.ACFletching printAmountMade
INFO: Time elapsed: 3:9:44 Longbows Fletched: 4887
Nov 27, 2019 8:21:21 PM scripts.ACFletching printAmountMade
INFO: Time elapsed: 3:10:49 Longbows Fletched: 4914
Nov 27, 2019 8:22:23 PM scripts.ACFletching printAmountMade
INFO: Time elapsed: 3:11:51 Longbows Fletched: 4941
Nov 27, 2019 8:23:25 PM scripts.ACFletching printAmountMade
INFO: Time elapsed: 3:12:53 Longbows Fletched: 4968
Nov 27, 2019 8:24:27 PM scripts.ACFletching printAmountMade
INFO: Time elapsed: 3:13:55 Longbows Fletched: 4995
Nov 27, 2019 8:25:30 PM scripts.ACFletching printAmountMade
INFO: Time elapsed: 3:14:58 Longbows Fletched: 5022
Nov 27, 2019 8:26:34 PM scripts.ACFletching printAmountMade
INFO: Time elapsed: 3:16:2 Longbows Fletched: 5049
Nov 27, 2019 8:27:38 PM scripts.ACFletching printAmountMade
INFO: Time elapsed: 3:17:6 Longbows Fletched: 5076
Nov 27, 2019 8:28:41 PM scripts.ACFletching printAmountMade
INFO: Time elapsed: 3:18:9 Longbows Fletched: 5103
Nov 27, 2019 8:29:46 PM scripts.ACFletching printAmountMade
INFO: Time elapsed: 3:19:13 Longbows Fletched: 5130
Nov 27, 2019 8:30:50 PM scripts.ACFletching printAmountMade
INFO: Time elapsed: 3:20:17 Longbows Fletched: 5157
Nov 27, 2019 8:31:51 PM scripts.ACFletching printAmountMade
INFO: Time elapsed: 3:21:19 Longbows Fletched: 5184
Nov 27, 2019 8:32:53 PM scripts.ACFletching printAmountMade
INFO: Time elapsed: 3:22:20 Longbows Fletched: 5211
Nov 27, 2019 8:33:56 PM scripts.ACFletching printAmountMade
INFO: Time elapsed: 3:23:23 Longbows Fletched: 5238
Nov 27, 2019 8:34:59 PM scripts.ACFletching printAmountMade
INFO: Time elapsed: 3:24:27 Longbows Fletched: 5265
Nov 27, 2019 8:36:02 PM scripts.ACFletching printAmountMade
INFO: Time elapsed: 3:25:30 Longbows Fletched: 5292
Nov 27, 2019 8:37:04 PM scripts.ACFletching printAmountMade
INFO: Time elapsed: 3:26:31 Longbows Fletched: 5319
Nov 27, 2019 8:38:06 PM scripts.ACFletching printAmountMade
INFO: Time elapsed: 3:27:34 Longbows Fletched: 5346
Nov 27, 2019 8:39:09 PM scripts.ACFletching printAmountMade
INFO: Time elapsed: 3:28:37 Longbows Fletched: 5373
Nov 27, 2019 8:40:12 PM scripts.ACFletching printAmountMade
INFO: Time elapsed: 3:29:40 Longbows Fletched: 5400
Nov 27, 2019 8:41:13 PM scripts.ACFletching printAmountMade
INFO: Time elapsed: 3:30:41 Longbows Fletched: 5427
Nov 27, 2019 8:42:15 PM scripts.ACFletching printAmountMade
INFO: Time elapsed: 3:31:43 Longbows Fletched: 5454
Nov 27, 2019 8:43:18 PM scripts.ACFletching printAmountMade
INFO: Time elapsed: 3:32:46 Longbows Fletched: 5481
Nov 27, 2019 8:44:22 PM scripts.ACFletching printAmountMade
INFO: Time elapsed: 3:33:49 Longbows Fletched: 5508
Nov 27, 2019 8:45:25 PM scripts.ACFletching printAmountMade
INFO: Time elapsed: 3:34:53 Longbows Fletched: 5535
Nov 27, 2019 8:46:27 PM scripts.ACFletching printAmountMade
INFO: Time elapsed: 3:35:55 Longbows Fletched: 5562
Nov 27, 2019 8:47:31 PM scripts.ACFletching printAmountMade
INFO: Time elapsed: 3:36:59 Longbows Fletched: 5589
Nov 27, 2019 8:48:32 PM scripts.ACFletching printAmountMade
INFO: Time elapsed: 3:38:0 Longbows Fletched: 5616
Nov 27, 2019 8:49:36 PM scripts.ACFletching printAmountMade
INFO: Time elapsed: 3:39:4 Longbows Fletched: 5643
Nov 27, 2019 8:50:37 PM scripts.ACFletching printAmountMade
INFO: Time elapsed: 3:40:5 Longbows Fletched: 5670
Nov 27, 2019 8:51:39 PM scripts.ACFletching printAmountMade
INFO: Time elapsed: 3:41:6 Longbows Fletched: 5697
Nov 27, 2019 8:52:39 PM scripts.ACFletching printAmountMade
INFO: Time elapsed: 3:42:7 Longbows Fletched: 5724
Nov 27, 2019 8:53:42 PM scripts.ACFletching printAmountMade
INFO: Time elapsed: 3:43:10 Longbows Fletched: 5751
Nov 27, 2019 8:54:44 PM scripts.ACFletching printAmountMade
INFO: Time elapsed: 3:44:12 Longbows Fletched: 5778
Nov 27, 2019 8:55:48 PM scripts.ACFletching printAmountMade
INFO: Time elapsed: 3:45:16 Longbows Fletched: 5805
Nov 27, 2019 8:56:50 PM scripts.ACFletching printAmountMade
INFO: Time elapsed: 3:46:18 Longbows Fletched: 5832
Nov 27, 2019 8:57:51 PM scripts.ACFletching printAmountMade
INFO: Time elapsed: 3:47:19 Longbows Fletched: 5859
Nov 27, 2019 8:58:55 PM scripts.ACFletching printAmountMade
INFO: Time elapsed: 3:48:22 Longbows Fletched: 5886
Nov 27, 2019 8:59:58 PM scripts.ACFletching printAmountMade
INFO: Time elapsed: 3:49:26 Longbows Fletched: 5913
Nov 27, 2019 9:01:01 PM scripts.ACFletching printAmountMade
INFO: Time elapsed: 3:50:29 Longbows Fletched: 5940
Nov 27, 2019 9:02:03 PM scripts.ACFletching printAmountMade
INFO: Time elapsed: 3:51:30 Longbows Fletched: 5967
Nov 27, 2019 9:03:06 PM scripts.ACFletching printAmountMade
INFO: Time elapsed: 3:52:34 Longbows Fletched: 5994
Nov 27, 2019 9:04:09 PM scripts.ACFletching printAmountMade
INFO: Time elapsed: 3:53:37 Longbows Fletched: 6021
Nov 27, 2019 9:05:10 PM scripts.ACFletching printAmountMade
INFO: Time elapsed: 3:54:38 Longbows Fletched: 6048
Nov 27, 2019 9:06:13 PM scripts.ACFletching printAmountMade
INFO: Time elapsed: 3:55:41 Longbows Fletched: 6075
Nov 27, 2019 9:07:16 PM scripts.ACFletching printAmountMade
INFO: Time elapsed: 3:56:44 Longbows Fletched: 6102
Nov 27, 2019 9:08:20 PM scripts.ACFletching printAmountMade
INFO: Time elapsed: 3:57:47 Longbows Fletched: 6129
Nov 27, 2019 9:09:22 PM scripts.ACFletching printAmountMade
INFO: Time elapsed: 3:58:50 Longbows Fletched: 6156
Nov 27, 2019 9:10:25 PM scripts.ACFletching printAmountMade
INFO: Time elapsed: 3:59:53 Longbows Fletched: 6183
Nov 27, 2019 9:11:27 PM scripts.ACFletching printAmountMade
INFO: Time elapsed: 4:0:54 Longbows Fletched: 6210
Nov 27, 2019 9:12:28 PM scripts.ACFletching printAmountMade
INFO: Time elapsed: 4:1:56 Longbows Fletched: 6237
Nov 27, 2019 9:13:31 PM scripts.ACFletching printAmountMade
INFO: Time elapsed: 4:2:58 Longbows Fletched: 6264
Nov 27, 2019 9:14:32 PM scripts.ACFletching printAmountMade
INFO: Time elapsed: 4:4:0 Longbows Fletched: 6291
Nov 27, 2019 9:15:35 PM scripts.ACFletching printAmountMade
INFO: Time elapsed: 4:5:3 Longbows Fletched: 6318
Nov 27, 2019 9:16:38 PM scripts.ACFletching printAmountMade
INFO: Time elapsed: 4:6:5 Longbows Fletched: 6345
Nov 27, 2019 9:17:40 PM scripts.ACFletching printAmountMade
INFO: Time elapsed: 4:7:8 Longbows Fletched: 6372
Nov 27, 2019 9:18:44 PM scripts.ACFletching printAmountMade
INFO: Time elapsed: 4:8:12 Longbows Fletched: 6399
Nov 27, 2019 9:19:46 PM scripts.ACFletching printAmountMade
INFO: Time elapsed: 4:9:13 Longbows Fletched: 6426
Nov 27, 2019 9:20:49 PM scripts.ACFletching printAmountMade
INFO: Time elapsed: 4:10:17 Longbows Fletched: 6453
Nov 27, 2019 9:21:50 PM scripts.ACFletching printAmountMade
INFO: Time elapsed: 4:11:17 Longbows Fletched: 6480
Nov 27, 2019 9:22:54 PM scripts.ACFletching printAmountMade
INFO: Time elapsed: 4:12:22 Longbows Fletched: 6507
Nov 27, 2019 9:23:57 PM scripts.ACFletching printAmountMade
INFO: Time elapsed: 4:13:25 Longbows Fletched: 6534
Nov 27, 2019 9:25:02 PM scripts.ACFletching printAmountMade
INFO: Time elapsed: 4:14:30 Longbows Fletched: 6561
Nov 27, 2019 9:26:04 PM scripts.ACFletching printAmountMade
INFO: Time elapsed: 4:15:32 Longbows Fletched: 6588
Nov 27, 2019 9:27:07 PM scripts.ACFletching printAmountMade
INFO: Time elapsed: 4:16:34 Longbows Fletched: 6615
Nov 27, 2019 9:28:09 PM scripts.ACFletching printAmountMade
INFO: Time elapsed: 4:17:37 Longbows Fletched: 6642
Nov 27, 2019 9:29:11 PM scripts.ACFletching printAmountMade
INFO: Time elapsed: 4:18:39 Longbows Fletched: 6669
Nov 27, 2019 9:30:15 PM scripts.ACFletching printAmountMade
INFO: Time elapsed: 4:19:43 Longbows Fletched: 6696
Nov 27, 2019 9:31:19 PM scripts.ACFletching printAmountMade
INFO: Time elapsed: 4:20:47 Longbows Fletched: 6723
Nov 27, 2019 9:32:24 PM scripts.ACFletching printAmountMade
INFO: Time elapsed: 4:21:51 Longbows Fletched: 6750
Nov 27, 2019 9:33:27 PM scripts.ACFletching printAmountMade
INFO: Time elapsed: 4:22:55 Longbows Fletched: 6777
Nov 27, 2019 9:34:29 PM scripts.ACFletching printAmountMade
INFO: Time elapsed: 4:23:57 Longbows Fletched: 6804
Nov 27, 2019 9:35:30 PM scripts.ACFletching printAmountMade
INFO: Time elapsed: 4:24:58 Longbows Fletched: 6831
Nov 27, 2019 9:36:31 PM scripts.ACFletching printAmountMade
INFO: Time elapsed: 4:25:59 Longbows Fletched: 6858
Nov 27, 2019 9:37:33 PM scripts.ACFletching printAmountMade
INFO: Time elapsed: 4:27:0 Longbows Fletched: 6885
Nov 27, 2019 9:38:38 PM scripts.ACFletching printAmountMade
INFO: Time elapsed: 4:28:6 Longbows Fletched: 6912
Nov 27, 2019 9:39:39 PM scripts.ACFletching printAmountMade
INFO: Time elapsed: 4:29:7 Longbows Fletched: 6939
Nov 27, 2019 9:40:42 PM scripts.ACFletching printAmountMade
INFO: Time elapsed: 4:30:10 Longbows Fletched: 6966
Nov 27, 2019 9:41:44 PM scripts.ACFletching printAmountMade
INFO: Time elapsed: 4:31:12 Longbows Fletched: 6993
Nov 27, 2019 9:42:46 PM scripts.ACFletching printAmountMade
INFO: Time elapsed: 4:32:14 Longbows Fletched: 7020
Nov 27, 2019 9:43:48 PM scripts.ACFletching printAmountMade
INFO: Time elapsed: 4:33:16 Longbows Fletched: 7047
Nov 27, 2019 9:44:51 PM scripts.ACFletching printAmountMade
INFO: Time elapsed: 4:34:19 Longbows Fletched: 7074
Nov 27, 2019 9:45:54 PM scripts.ACFletching printAmountMade
INFO: Time elapsed: 4:35:21 Longbows Fletched: 7101
Nov 27, 2019 9:46:56 PM scripts.ACFletching printAmountMade
INFO: Time elapsed: 4:36:23 Longbows Fletched: 7128
Nov 27, 2019 9:47:59 PM scripts.ACFletching printAmountMade
INFO: Time elapsed: 4:37:26 Longbows Fletched: 7155
Nov 27, 2019 9:49:01 PM scripts.ACFletching printAmountMade
INFO: Time elapsed: 4:38:29 Longbows Fletched: 7182
Nov 27, 2019 9:50:04 PM scripts.ACFletching printAmountMade
INFO: Time elapsed: 4:39:31 Longbows Fletched: 7209
Nov 27, 2019 9:51:08 PM scripts.ACFletching printAmountMade
INFO: Time elapsed: 4:40:36 Longbows Fletched: 7236
Nov 27, 2019 9:52:11 PM scripts.ACFletching printAmountMade
INFO: Time elapsed: 4:41:39 Longbows Fletched: 7263
Nov 27, 2019 9:53:14 PM scripts.ACFletching printAmountMade
INFO: Time elapsed: 4:42:42 Longbows Fletched: 7290
Nov 27, 2019 9:54:17 PM scripts.ACFletching printAmountMade
INFO: Time elapsed: 4:43:45 Longbows Fletched: 7317
Nov 27, 2019 9:55:21 PM scripts.ACFletching printAmountMade
INFO: Time elapsed: 4:44:49 Longbows Fletched: 7344
Nov 27, 2019 9:56:22 PM scripts.ACFletching printAmountMade
INFO: Time elapsed: 4:45:50 Longbows Fletched: 7371
Nov 27, 2019 9:57:24 PM scripts.ACFletching printAmountMade
INFO: Time elapsed: 4:46:52 Longbows Fletched: 7398
Nov 27, 2019 9:58:29 PM scripts.ACFletching printAmountMade
INFO: Time elapsed: 4:47:56 Longbows Fletched: 7425
Nov 27, 2019 9:59:34 PM scripts.ACFletching printAmountMade
INFO: Time elapsed: 4:49:1 Longbows Fletched: 7452
Nov 27, 2019 10:00:37 PM scripts.ACFletching printAmountMade
INFO: Time elapsed: 4:50:5 Longbows Fletched: 7479
Nov 27, 2019 10:01:39 PM scripts.ACFletching printAmountMade
INFO: Time elapsed: 4:51:7 Longbows Fletched: 7506
Nov 27, 2019 10:02:43 PM scripts.ACFletching printAmountMade
INFO: Time elapsed: 4:52:11 Longbows Fletched: 7533
Nov 27, 2019 10:03:47 PM scripts.ACFletching printAmountMade
INFO: Time elapsed: 4:53:15 Longbows Fletched: 7560
